0 info it worked if it ends with ok
1 verbose cli [ '/usr/local/bin/node', '/usr/local/bin/npm', 'start' ]
2 info using npm@4.1.2
3 info using node@v7.7.1
4 verbose run-script [ 'prestart', 'start', 'poststart' ]
5 info lifecycle guipinterest@0.0.2~prestart: guipinterest@0.0.2
6 silly lifecycle guipinterest@0.0.2~prestart: no script for prestart, continuing
7 info lifecycle guipinterest@0.0.2~start: guipinterest@0.0.2
8 verbose lifecycle guipinterest@0.0.2~start: unsafe-perm in lifecycle true
9 verbose lifecycle guipinterest@0.0.2~start: PATH: /usr/local/lib/node_modules/npm/bin/node-gyp-bin:/Users/alex/dev/nodejs/guipinterest/app/node_modules/.bin:/Users/alex/.rvm/gems/ruby-2.3.0/bin:/Users/alex/.rvm/gems/ruby-2.3.0@global/bin:/Users/alex/.rvm/rubies/ruby-2.3.0/bin:/Users/alex/.rbenv/shims:/usr/local/bin:/usr/local/bin:/usr/bin:/bin:/usr/sbin:/sbin:/usr/local/go/bin:/Applications/Postgres.app/Contents/Versions/latest/bin:/Users/alex/.rvm/bin
10 verbose lifecycle guipinterest@0.0.2~start: CWD: /Users/alex/dev/nodejs/guipinterest/app
11 silly lifecycle guipinterest@0.0.2~start: Args: [ '-c', 'electron .' ]
12 silly lifecycle guipinterest@0.0.2~start: Returned: code: 1  signal: null
13 info lifecycle guipinterest@0.0.2~start: Failed to exec start script
14 verbose stack Error: guipinterest@0.0.2 start: `electron .`
14 verbose stack Exit status 1
14 verbose stack     at EventEmitter.<anonymous> (/usr/local/lib/node_modules/npm/lib/utils/lifecycle.js:279:16)
14 verbose stack     at emitTwo (events.js:106:13)
14 verbose stack     at EventEmitter.emit (events.js:194:7)
14 verbose stack     at ChildProcess.<anonymous> (/usr/local/lib/node_modules/npm/lib/utils/spawn.js:40:14)
14 verbose stack     at emitTwo (events.js:106:13)
14 verbose stack     at ChildProcess.emit (events.js:194:7)
14 verbose stack     at maybeClose (internal/child_process.js:899:16)
14 verbose stack     at Process.ChildProcess._handle.onexit (internal/child_process.js:226:5)
15 verbose pkgid guipinterest@0.0.2
16 verbose cwd /Users/alex/dev/nodejs/guipinterest/app
17 error Darwin 16.4.0
18 error argv "/usr/local/bin/node" "/usr/local/bin/npm" "start"
19 error node v7.7.1
20 error npm  v4.1.2
21 error code ELIFECYCLE
22 error guipinterest@0.0.2 start: `electron .`
22 error Exit status 1
23 error Failed at the guipinterest@0.0.2 start script 'electron .'.
23 error Make sure you have the latest version of node.js and npm installed.
23 error If you do, this is most likely a problem with the guipinterest package,
23 error not with npm itself.
23 error Tell the author that this fails on your system:
23 error     electron .
23 error You can get information on how to open an issue for this project with:
23 error     npm bugs guipinterest
23 error Or if that isn't available, you can get their info via:
23 error     npm owner ls guipinterest
23 error There is likely additional logging output above.
24 verbose exit [ 1, true ]
